{"/mnt/d/Documents/Scripts/Ruby/Makers/final/h-appy-haddock/h-appy/App.js": {"path":"/mnt/d/Documents/Scripts/Ruby/Makers/final/h-appy-haddock/h-appy/App.js","statementMap":{"0":{"start":{"line":6,"column":2},"end":{"line":11,"column":4}},"1":{"start":{"line":14,"column":15},"end":{"line":21,"column":2}}},"fnMap":{"0":{"name":"App","decl":{"start":{"line":5,"column":24},"end":{"line":5,"column":27}},"loc":{"start":{"line":5,"column":30},"end":{"line":12,"column":1}},"line":5}},"branchMap":{},"s":{"0":1,"1":1},"f":{"0":1},"b":{},"_coverageSchema":"1a1c01bbd47fc00a2c39e90264f33305004495a9","hash":"5a0426482e99ed73de926371cf0715fe693da4a4"}
}
